# JRE version: OpenJDK Runtime Environment Zulu17.44+15-CA (17.0.8+7) (build 17.0.8+7-LTS)
# Java VM: OpenJDK 64-Bit Server VM Zulu17.44+15-CA (17.0.8+7-LTS, mixed mode, sharing, tiered, compressed oops, compressed class ptrs, g1 gc, windows-amd64)
GC Precious Log:
 CPUs: 8 total, 8 available
 Memory: 8056M
 Large Page Support: Disabled
 NUMA Support: Disabled
 Compressed Oops: Enabled (32-bit)
 Heap Region Size: 1M
 Heap Min Capacity: 8M
 Heap Initial Capacity: 126M
 Heap Max Capacity: 2016M
 Pre-touch: Disabled
 Parallel Workers: 8
 Concurrent Workers: 2
 Concurrent Refinement Workers: 8
 Periodic GC: Disabled
Heap:
 garbage-first heap   total 172032K, used 60784K [0x0000000082000000, 0x0000000100000000)
  region size 1024K, 11 young (11264K), 3 survivors (3072K)
 Metaspace       used 32728K, committed 33152K, reserved 1114112K
  class space    used 3766K, committed 3968K, reserved 1048576K
GC Heap History (20 events):
Event: 10.259 GC heap before
{Heap before GC invocations=7 (full 0):
 garbage-first heap   total 86016K, used 37840K [0x0000000082000000, 0x0000000100000000)
  region size 1024K, 7 young (7168K), 6 survivors (6144K)
 Metaspace       used 26939K, committed 27264K, reserved 1114112K
  class space    used 3117K, committed 3264K, reserved 1048576K
}
Event: 10.272 GC heap after
{Heap after GC invocations=8 (full 0):
 garbage-first heap   total 86016K, used 38653K [0x0000000082000000, 0x0000000100000000)
  region size 1024K, 1 young (1024K), 1 survivors (1024K)
 Metaspace       used 26939K, committed 27264K, reserved 1114112K
  class space    used 3117K, committed 3264K, reserved 1048576K
}
Event: 11.102 GC heap before
{Heap before GC invocations=8 (full 0):
 garbage-first heap   total 86016K, used 62205K [0x0000000082000000, 0x0000000100000000)
  region size 1024K, 25 young (25600K), 1 survivors (1024K)
 Metaspace       used 28098K, committed 28416K, reserved 1114112K
  class space    used 3265K, committed 3392K, reserved 1048576K
}
Event: 11.106 GC heap after
{Heap after GC invocations=9 (full 0):
 garbage-first heap   total 86016K, used 38383K [0x0000000082000000, 0x0000000100000000)
  region size 1024K, 1 young (1024K), 1 survivors (1024K)
 Metaspace       used 28098K, committed 28416K, reserved 1114112K
  class space    used 3265K, committed 3392K, reserved 1048576K
}
Event: 12.295 GC heap before
{Heap before GC invocations=9 (full 0):
 garbage-first heap   total 86016K, used 65007K [0x0000000082000000, 0x0000000100000000)
  region size 1024K, 27 young (27648K), 1 survivors (1024K)
 Metaspace       used 29449K, committed 29760K, reserved 1114112K
  class space    used 3435K, committed 3584K, reserved 1048576K
}
Event: 12.306 GC heap after
{Heap after GC invocations=10 (full 0):
 garbage-first heap   total 86016K, used 40156K [0x0000000082000000, 0x0000000100000000)
  region size 1024K, 4 young (4096K), 4 survivors (4096K)
 Metaspace       used 29449K, committed 29760K, reserved 1114112K
  class space    used 3435K, committed 3584K, reserved 1048576K
}
Event: 12.340 GC heap before
{Heap before GC invocations=10 (full 0):
 garbage-first heap   total 86016K, used 45276K [0x0000000082000000, 0x0000000100000000)
  region size 1024K, 9 young (9216K), 4 survivors (4096K)
 Metaspace       used 29462K, committed 29760K, reserved 1114112K
  class space    used 3435K, committed 3584K, reserved 1048576K
}
Event: 12.355 GC heap after
{Heap after GC invocations=11 (full 0):
 garbage-first heap   total 86016K, used 46013K [0x0000000082000000, 0x0000000100000000)
  region size 1024K, 4 young (4096K), 4 survivors (4096K)
 Metaspace       used 29462K, committed 29760K, reserved 1114112K
  class space    used 3435K, committed 3584K, reserved 1048576K
}
Event: 12.510 GC heap before
{Heap before GC invocations=12 (full 0):
 garbage-first heap   total 86016K, used 58301K [0x0000000082000000, 0x0000000100000000)
  region size 1024K, 17 young (17408K), 4 survivors (4096K)
 Metaspace       used 29512K, committed 29888K, reserved 1114112K
  class space    used 3436K, committed 3584K, reserved 1048576K
}
Event: 12.520 GC heap after
{Heap after GC invocations=13 (full 0):
 garbage-first heap   total 86016K, used 51688K [0x0000000082000000, 0x0000000100000000)
  region size 1024K, 3 young (3072K), 3 survivors (3072K)
 Metaspace       used 29512K, committed 29888K, reserved 1114112K
  class space    used 3436K, committed 3584K, reserved 1048576K
}
Event: 12.554 GC heap before
{Heap before GC invocations=13 (full 0):
 garbage-first heap   total 86016K, used 52712K [0x0000000082000000, 0x0000000100000000)
  region size 1024K, 4 young (4096K), 3 survivors (3072K)
 Metaspace       used 29513K, committed 29888K, reserved 1114112K
  class space    used 3436K, committed 3584K, reserved 1048576K
}
Event: 12.562 GC heap after
{Heap after GC invocations=14 (full 0):
 garbage-first heap   total 86016K, used 45454K [0x0000000082000000, 0x0000000100000000)
  region size 1024K, 1 young (1024K), 1 survivors (1024K)
 Metaspace       used 29513K, committed 29888K, reserved 1114112K
  class space    used 3436K, committed 3584K, reserved 1048576K
}
Event: 12.802 GC heap before
{Heap before GC invocations=14 (full 0):
 garbage-first heap   total 86016K, used 58766K [0x0000000082000000, 0x0000000100000000)
  region size 1024K, 14 young (14336K), 1 survivors (1024K)
 Metaspace       used 29517K, committed 29888K, reserved 1114112K
  class space    used 3436K, committed 3584K, reserved 1048576K
}
Event: 12.808 GC heap after
{Heap after GC invocations=15 (full 0):
 garbage-first heap   total 172032K, used 49840K [0x0000000082000000, 0x0000000100000000)
  region size 1024K, 2 young (2048K), 2 survivors (2048K)
 Metaspace       used 29517K, committed 29888K, reserved 1114112K
  class space    used 3436K, committed 3584K, reserved 1048576K
}
Event: 14.462 GC heap before
{Heap before GC invocations=16 (full 0):
 garbage-first heap   total 172032K, used 89776K [0x0000000082000000, 0x0000000100000000)
  region size 1024K, 43 young (44032K), 2 survivors (2048K)
 Metaspace       used 29319K, committed 29696K, reserved 1114112K
  class space    used 3414K, committed 3584K, reserved 1048576K
}
Event: 14.469 GC heap after
{Heap after GC invocations=17 (full 0):
 garbage-first heap   total 172032K, used 53104K [0x0000000082000000, 0x0000000100000000)
  region size 1024K, 6 young (6144K), 6 survivors (6144K)
 Metaspace       used 29319K, committed 29696K, reserved 1114112K
  class space    used 3414K, committed 3584K, reserved 1048576K
}
Event: 14.529 GC heap before
{Heap before GC invocations=17 (full 0):
 garbage-first heap   total 172032K, used 54128K [0x0000000082000000, 0x0000000100000000)
  region size 1024K, 8 young (8192K), 6 survivors (6144K)
 Metaspace       used 29418K, committed 29760K, reserved 1114112K
  class space    used 3424K, committed 3584K, reserved 1048576K
}
Event: 14.533 GC heap after
{Heap after GC invocations=18 (full 0):
 garbage-first heap   total 172032K, used 52765K [0x0000000082000000, 0x0000000100000000)
  region size 1024K, 1 young (1024K), 1 survivors (1024K)
 Metaspace       used 29418K, committed 29760K, reserved 1114112K
  class space    used 3424K, committed 3584K, reserved 1048576K
}
Event: 15.891 GC heap before
{Heap before GC invocations=18 (full 0):
 garbage-first heap   total 172032K, used 97821K [0x0000000082000000, 0x0000000100000000)
  region size 1024K, 45 young (46080K), 1 survivors (1024K)
 Metaspace       used 31525K, committed 31872K, reserved 1114112K
  class space    used 3627K, committed 3776K, reserved 1048576K
}
Event: 15.896 GC heap after
{Heap after GC invocations=19 (full 0):
 garbage-first heap   total 172032K, used 53616K [0x0000000082000000, 0x0000000100000000)
  region size 1024K, 3 young (3072K), 3 survivors (3072K)
 Metaspace       used 31525K, committed 31872K, reserved 1114112K
  class space    used 3627K, committed 3776K, reserved 1048576K
}

